INFO 2023-08-31 15:28:36,716 autoreload 3900 11356 Watching for file changes with StatReloader
INFO 2023-08-31 15:28:41,449 views 3900 16544 index page log
INFO 2023-08-31 15:28:41,518 basehttp 3900 16544 "GET / HTTP/1.1" 200 40
WARNING 2023-08-31 15:28:41,694 log 3900 16544 Not Found: /favicon.ico
WARNING 2023-08-31 15:28:41,704 basehttp 3900 16544 "GET /favicon.ico HTTP/1.1" 404 2441
INFO 2023-08-31 16:13:15,135 autoreload 7396 5896 Watching for file changes with StatReloader
INFO 2023-08-31 16:13:49,100 autoreload 20744 9472 Watching for file changes with StatReloader
INFO 2023-08-31 16:15:29,293 autoreload 20744 9472 C:\Users\TESO\Desktop\Lessions\Framework Django\myproject\seminar_1\views.py changed, reloading.
INFO 2023-08-31 16:15:29,900 autoreload 14900 11844 Watching for file changes with StatReloader
INFO 2023-08-31 16:15:34,351 autoreload 14644 19388 Watching for file changes with StatReloader
INFO 2023-08-31 16:15:37,194 views 14644 1324 index page log
INFO 2023-08-31 16:15:37,195 basehttp 14644 1324 "GET / HTTP/1.1" 200 40
WARNING 2023-08-31 16:15:50,733 log 14644 1324 Not Found: /cube
WARNING 2023-08-31 16:15:50,734 basehttp 14644 1324 "GET /cube HTTP/1.1" 404 2636
INFO 2023-08-31 16:17:25,507 autoreload 14644 19388 C:\Users\TESO\Desktop\Lessions\Framework Django\myproject\seminar_1\urls.py changed, reloading.
INFO 2023-08-31 16:17:26,075 autoreload 20412 11912 Watching for file changes with StatReloader
INFO 2023-08-31 16:17:30,443 autoreload 15872 12036 Watching for file changes with StatReloader
WARNING 2023-08-31 16:17:35,163 log 15872 4580 Not Found: /cube
WARNING 2023-08-31 16:17:35,164 basehttp 15872 4580 "GET /cube HTTP/1.1" 404 2636
WARNING 2023-08-31 16:17:51,178 log 15872 4580 Not Found: /cube
WARNING 2023-08-31 16:17:51,179 basehttp 15872 4580 "GET /cube HTTP/1.1" 404 2636
WARNING 2023-08-31 16:19:58,041 log 15872 4580 Not Found: /seminar_1/cube
WARNING 2023-08-31 16:19:58,041 basehttp 15872 4580 "GET /seminar_1/cube HTTP/1.1" 404 3112
INFO 2023-08-31 16:20:12,670 autoreload 15872 12036 C:\Users\TESO\Desktop\Lessions\Framework Django\myproject\seminar_1\urls.py changed, reloading.
INFO 2023-08-31 16:20:13,330 autoreload 16748 12388 Watching for file changes with StatReloader
INFO 2023-08-31 16:20:14,771 basehttp 16748 18688 "GET /seminar_1/cube HTTP/1.1" 301 0
INFO 2023-08-31 16:20:14,774 basehttp 16748 9468 "GET /seminar_1/cube/ HTTP/1.1" 200 1
INFO 2023-08-31 16:20:16,049 basehttp 16748 9468 "GET /seminar_1/cube/ HTTP/1.1" 200 1
INFO 2023-08-31 16:20:17,005 basehttp 16748 9468 "GET /seminar_1/cube/ HTTP/1.1" 200 1
INFO 2023-08-31 16:20:17,951 basehttp 16748 9468 "GET /seminar_1/cube/ HTTP/1.1" 200 1
INFO 2023-08-31 16:20:18,874 basehttp 16748 9468 "GET /seminar_1/cube/ HTTP/1.1" 200 1
INFO 2023-08-31 16:20:19,748 basehttp 16748 9468 "GET /seminar_1/cube/ HTTP/1.1" 200 1
INFO 2023-08-31 16:20:31,401 basehttp 16748 9468 "GET /seminar_1/rand_num HTTP/1.1" 301 0
INFO 2023-08-31 16:20:31,413 basehttp 16748 12344 "GET /seminar_1/rand_num/ HTTP/1.1" 200 2
INFO 2023-08-31 16:20:33,488 basehttp 16748 12344 "GET /seminar_1/rand_num/ HTTP/1.1" 200 2
INFO 2023-08-31 16:20:33,916 basehttp 16748 12344 "GET /seminar_1/rand_num/ HTTP/1.1" 200 2
INFO 2023-08-31 16:20:34,289 basehttp 16748 12344 "GET /seminar_1/rand_num/ HTTP/1.1" 200 2
INFO 2023-08-31 16:20:34,653 basehttp 16748 12344 "GET /seminar_1/rand_num/ HTTP/1.1" 200 2
INFO 2023-08-31 16:20:35,063 basehttp 16748 12344 "GET /seminar_1/rand_num/ HTTP/1.1" 200 2
INFO 2023-09-01 16:08:48,503 autoreload 2948 17892 Watching for file changes with StatReloader
INFO 2023-09-01 16:08:54,933 views 2948 4944 index page log
INFO 2023-09-01 16:08:54,978 basehttp 2948 4944 "GET / HTTP/1.1" 200 40
WARNING 2023-09-01 16:08:55,170 log 2948 4944 Not Found: /favicon.ico
WARNING 2023-09-01 16:08:55,194 basehttp 2948 4944 "GET /favicon.ico HTTP/1.1" 404 2762
INFO 2023-09-01 16:09:10,493 basehttp 2948 21100 "GET /hw_1/about HTTP/1.1" 301 0
INFO 2023-09-01 16:09:10,498 basehttp 2948 20828 "GET /hw_1/about/ HTTP/1.1" 200 31
WARNING 2023-09-01 16:09:18,462 log 2948 20828 Not Found: /hw_1/
WARNING 2023-09-01 16:09:18,463 basehttp 2948 20828 "GET /hw_1/ HTTP/1.1" 404 2983
INFO 2023-09-07 15:26:35,882 autoreload 7268 17496 Watching for file changes with StatReloader
INFO 2023-09-07 15:27:18,778 autoreload 7268 17496 C:\Users\TESO\Desktop\Lessions\Framework Django\myproject\lecture_3\urls.py changed, reloading.
INFO 2023-09-07 15:27:23,162 autoreload 15892 7212 Watching for file changes with StatReloader
INFO 2023-09-07 15:29:39,002 autoreload 23488 24396 Watching for file changes with StatReloader
INFO 2023-09-07 15:31:01,495 autoreload 12004 18212 Watching for file changes with StatReloader
INFO 2023-09-07 15:31:06,356 views 12004 4560 index page log
INFO 2023-09-07 15:31:06,398 basehttp 12004 4560 "GET / HTTP/1.1" 200 40
WARNING 2023-09-07 15:31:06,680 log 12004 4560 Not Found: /favicon.ico
WARNING 2023-09-07 15:31:06,689 basehttp 12004 4560 "GET /favicon.ico HTTP/1.1" 404 2872
INFO 2023-09-07 15:31:36,769 basehttp 12004 5992 "GET /lecture_3 HTTP/1.1" 301 0
INFO 2023-09-07 15:31:36,794 basehttp 12004 15088 "GET /lecture_3/ HTTP/1.1" 200 151
INFO 2023-09-09 13:49:28,822 autoreload 21968 9680 Watching for file changes with StatReloader
WARNING 2023-09-09 13:49:34,442 log 21968 13868 Not Found: /favicon.ico
WARNING 2023-09-09 13:49:34,498 basehttp 21968 13868 "GET /favicon.ico HTTP/1.1" 404 2872
INFO 2023-09-09 13:49:43,620 basehttp 21968 23876 "GET /lecture_3/if HTTP/1.1" 301 0
INFO 2023-09-09 13:49:43,634 basehttp 21968 21908 "GET /lecture_3/if/ HTTP/1.1" 200 326
INFO 2023-09-09 13:50:55,214 basehttp 21968 14744 "GET /lecture_3/if/ HTTP/1.1" 200 330
INFO 2023-09-09 13:51:28,476 basehttp 21968 14744 "GET /lecture_3/if/ HTTP/1.1" 200 339
INFO 2023-09-10 15:23:34,579 autoreload 15600 5964 Watching for file changes with StatReloader
INFO 2023-09-10 15:25:49,204 autoreload 15600 5964 C:\Users\TESO\Desktop\Lessions\Framework Django\myproject\hw_3\views.py changed, reloading.
INFO 2023-09-10 15:25:49,872 autoreload 6168 13204 Watching for file changes with StatReloader
INFO 2023-09-10 15:25:56,337 views 6168 14748 index page log
INFO 2023-09-10 15:25:56,342 basehttp 6168 14748 "GET / HTTP/1.1" 200 40
WARNING 2023-09-10 15:25:56,461 log 6168 14748 Not Found: /favicon.ico
WARNING 2023-09-10 15:25:56,468 basehttp 6168 14748 "GET /favicon.ico HTTP/1.1" 404 3087
WARNING 2023-09-10 15:26:20,566 log 6168 18264 Not Found: /lecture_4
WARNING 2023-09-10 15:26:20,567 basehttp 6168 18264 "GET /lecture_4 HTTP/1.1" 404 3081
WARNING 2023-09-10 15:26:45,310 log 6168 18264 Not Found: /lecture_4/
WARNING 2023-09-10 15:26:45,311 basehttp 6168 18264 "GET /lecture_4/ HTTP/1.1" 404 3346
INFO 2023-09-10 15:26:58,714 basehttp 6168 18264 "GET /lecture_4/forms HTTP/1.1" 301 0
INFO 2023-09-10 15:26:58,753 basehttp 6168 18388 "GET /lecture_4/forms/ HTTP/1.1" 200 1422
INFO 2023-09-10 15:34:20,031 autoreload 6168 13204 C:\Users\TESO\Desktop\Lessions\Framework Django\myproject\lecture_4\forms.py changed, reloading.
INFO 2023-09-10 15:34:20,817 autoreload 9596 5560 Watching for file changes with StatReloader
INFO 2023-09-10 15:37:12,241 autoreload 9596 5560 C:\Users\TESO\Desktop\Lessions\Framework Django\myproject\lecture_4\forms.py changed, reloading.
INFO 2023-09-10 15:37:12,973 autoreload 4296 3172 Watching for file changes with StatReloader
INFO 2023-09-10 15:40:54,691 autoreload 4296 3172 C:\Users\TESO\Desktop\Lessions\Framework Django\myproject\lecture_4\views.py changed, reloading.
INFO 2023-09-10 15:40:55,363 autoreload 15716 14216 Watching for file changes with StatReloader
INFO 2023-09-10 15:40:59,719 basehttp 15716 16808 "GET /lecture_4/forms/ HTTP/1.1" 200 2043
INFO 2023-09-10 15:44:41,815 autoreload 15716 14216 C:\Users\TESO\Desktop\Lessions\Framework Django\myproject\lecture_4\forms.py changed, reloading.
INFO 2023-09-10 15:44:42,562 autoreload 19716 6168 Watching for file changes with StatReloader
INFO 2023-09-10 15:44:47,359 basehttp 19716 13840 "GET /lecture_4/forms/ HTTP/1.1" 200 2043
INFO 2023-09-10 15:53:23,969 autoreload 19716 6168 C:\Users\TESO\Desktop\Lessions\Framework Django\myproject\lecture_4\forms.py changed, reloading.
INFO 2023-09-10 15:53:24,895 autoreload 18472 20364 Watching for file changes with StatReloader
INFO 2023-09-10 16:00:15,840 autoreload 18472 20364 C:\Users\TESO\Desktop\Lessions\Framework Django\myproject\lecture_4\models.py changed, reloading.
INFO 2023-09-10 16:00:16,729 autoreload 13840 12532 Watching for file changes with StatReloader
INFO 2023-09-10 16:11:00,118 autoreload 13816 19936 Watching for file changes with StatReloader
INFO 2023-09-10 16:11:12,803 basehttp 13816 13328 "GET /lecture_4/user HTTP/1.1" 301 0
INFO 2023-09-10 16:11:12,831 basehttp 13816 8584 "GET /lecture_4/user/ HTTP/1.1" 200 897
INFO 2023-09-10 16:11:26,303 basehttp 13816 8584 "POST /lecture_4/user/ HTTP/1.1" 200 1038
INFO 2023-09-10 16:12:27,107 basehttp 13816 8584 "POST /lecture_4/user/ HTTP/1.1" 200 958
INFO 2023-09-10 16:18:55,384 autoreload 13816 19936 C:\Users\TESO\Desktop\Lessions\Framework Django\myproject\myproject\settings.py changed, reloading.
INFO 2023-09-10 16:18:56,239 autoreload 9028 1064 Watching for file changes with StatReloader
INFO 2023-09-10 16:21:54,557 autoreload 9028 1064 C:\Users\TESO\Desktop\Lessions\Framework Django\myproject\lecture_4\views.py changed, reloading.
INFO 2023-09-10 16:21:55,345 autoreload 16488 17892 Watching for file changes with StatReloader
INFO 2023-09-10 16:24:35,617 autoreload 16488 17892 C:\Users\TESO\Desktop\Lessions\Framework Django\myproject\lecture_4\views.py changed, reloading.
INFO 2023-09-10 16:24:36,446 autoreload 2400 3240 Watching for file changes with StatReloader
INFO 2023-09-10 16:26:44,082 autoreload 2400 3240 C:\Users\TESO\Desktop\Lessions\Framework Django\myproject\lecture_4\views.py changed, reloading.
INFO 2023-09-10 16:26:44,881 autoreload 1904 9800 Watching for file changes with StatReloader
INFO 2023-09-10 16:27:50,416 autoreload 1904 9800 C:\Users\TESO\Desktop\Lessions\Framework Django\myproject\lecture_4\urls.py changed, reloading.
INFO 2023-09-10 16:27:51,207 autoreload 12020 18108 Watching for file changes with StatReloader
